#
# A fatal error has been detected by the Java Runtime Environment:
#
#  Internal Error (jvmciRuntime.cpp:1651), pid=19224, tid=19156
#  fatal error: Fatal JVMCI exception (see JVMCI Events for stack trace): Uncaught exception exiting libjvmci JVMCIEnv scope entered at s\open\src\hotspot\share\compiler\compileBroker.cpp:2203
#
# JRE version: Java(TM) SE Runtime Environment Oracle GraalVM 21.0.7+8.1 (21.0.7+8) (build 21.0.7+8-LTS-jvmci-23.1-b60)
# Java VM: Java HotSpot(TM) 64-Bit Server VM Oracle GraalVM 21.0.7+8.1 (21.0.7+8-LTS-jvmci-23.1-b60, mixed mode, sharing, tiered, jvmci, jvmci compiler, compressed oops, compressed class ptrs, g1 gc, windows-amd64)
# No core dump will be written. Minidumps are not enabled by default on client versions of Windows
#
# If you would like to submit a bug report, please visit:
#   https://bugreport.java.com/bugreport/crash.jsp
#

---------------  S U M M A R Y ------------

Command Line: -XX:ThreadPriorityPolicy=1 -XX:+UnlockExperimentalVMOptions -XX:+EnableJVMCIProduct -XX:-UnlockExperimentalVMOptions -Dspring.profiles.active=prod -javaagent:C:\Program Files\JetBrains\IntelliJ IDEA Community Edition 2025.1\lib\idea_rt.jar=50134 -Dfile.encoding=UTF-8 -Dsun.stdout.encoding=UTF-8 -Dsun.stderr.encoding=UTF-8 com.ttoannguyen.lemongrass.LemongrassApplication

Host: Intel(R) Core(TM) i5-1035G4 CPU @ 1.10GHz, 8 cores, 7G,  Windows 10 , 64 bit Build 19041 (10.0.19041.5794)
Time: Thu May 22 15:23:30 2025 SE Asia Standard Time elapsed time: 1.918571 seconds (0d 0h 0m 1s)

---------------  T H R E A D  ---------------

Current thread (0x0000017720e1ce80):  JavaThread "JVMCI-native CompilerThread0" daemon [_thread_in_vm, id=19156, stack(0x0000006310100000,0x0000006310200000) (1024K)]


Current CompileTask:
JVMCI-native:   1918  457   !   4       java.util.zip.ZipFile$Source::checkAndAddEntry (295 bytes)

Stack: [0x0000006310100000,0x0000006310200000]
Native frames: (J=compiled Java code, j=interpreted, Vv=VM code, C=native code)
V  [jvm.dll+0x6d4769]
V  [jvm.dll+0x85f091]
V  [jvm.dll+0x8615be]
V  [jvm.dll+0x27e191]
V  [jvm.dll+0x530bb2]
V  [jvm.dll+0x510352]
V  [jvm.dll+0x255871]
V  [jvm.dll+0x25400a]
V  [jvm.dll+0x3eeea6]
V  [jvm.dll+0x80936b]
V  [jvm.dll+0x6d2e4d]
C  [ucrtbase.dll+0x21bb2]
C  [KERNEL32.DLL+0x17374]
C  [ntdll.dll+0x4cc91]


---------------  P R O C E S S  ---------------

Threads class SMR info:
_java_thread_list=0x000001776610f850, length=13, elements={
0x0000017700d51da0, 0x0000017720e0d9d0, 0x0000017720e0e890, 0x0000017720e146a0,
0x0000017720e153b0, 0x0000017720e17b90, 0x0000017720e1b540, 0x0000017720e1ce80,
0x0000017720e1d6d0, 0x00000177660b28d0, 0x00000177660b9690, 0x00000177660b35f0,
0x00000177660b2f60
}

Java Threads: ( => current thread )
  0x0000017700d51da0 JavaThread "main"                              [_thread_blocked, id=19192, stack(0x000000630f300000,0x000000630f400000) (1024K)]
  0x0000017720e0d9d0 JavaThread "Reference Handler"          daemon [_thread_blocked, id=19264, stack(0x000000630fb00000,0x000000630fc00000) (1024K)]
  0x0000017720e0e890 JavaThread "Finalizer"                  daemon [_thread_blocked, id=19204, stack(0x000000630fc00000,0x000000630fd00000) (1024K)]
  0x0000017720e146a0 JavaThread "Signal Dispatcher"          daemon [_thread_blocked, id=19168, stack(0x000000630fd00000,0x000000630fe00000) (1024K)]
  0x0000017720e153b0 JavaThread "Attach Listener"            daemon [_thread_blocked, id=19120, stack(0x000000630fe00000,0x000000630ff00000) (1024K)]
  0x0000017720e17b90 JavaThread "Service Thread"             daemon [_thread_blocked, id=19116, stack(0x000000630ff00000,0x0000006310000000) (1024K)]
  0x0000017720e1b540 JavaThread "Monitor Deflation Thread"   daemon [_thread_blocked, id=19160, stack(0x0000006310000000,0x0000006310100000) (1024K)]
=>0x0000017720e1ce80 JavaThread "JVMCI-native CompilerThread0" daemon [_thread_in_vm, id=19156, stack(0x0000006310100000,0x0000006310200000) (1024K)]
  0x0000017720e1d6d0 JavaThread "C1 CompilerThread0"         daemon [_thread_blocked, id=19180, stack(0x0000006310200000,0x0000006310300000) (1024K)]
  0x00000177660b28d0 JavaThread "Common-Cleaner"             daemon [_thread_blocked, id=18508, stack(0x0000006310300000,0x0000006310400000) (1024K)]
  0x00000177660b9690 JavaThread "C1 CompilerThread1"         daemon [_thread_blocked, id=18520, stack(0x0000006310400000,0x0000006310500000) (1024K)]
  0x00000177660b35f0 JavaThread "Monitor Ctrl-Break"         daemon [_thread_blocked, id=6328, stack(0x0000006310500000,0x0000006310600000) (1024K)]
  0x00000177660b2f60 JavaThread "Notification Thread"        daemon [_thread_blocked, id=7372, stack(0x0000006310600000,0x0000006310700000) (1024K)]
Total: 13

Other Threads:
  0x0000017720df2dc0 VMThread "VM Thread"                           [id=19256, stack(0x000000630fa00000,0x000000630fb00000) (1024K)] _threads_hazard_ptr=0x000001776610f850
  0x0000017720de0cc0 WatcherThread "VM Periodic Task Thread"        [id=19268, stack(0x000000630f900000,0x000000630fa00000) (1024K)]
  0x0000017700da5b20 WorkerThread "GC Thread#0"                     [id=19208, stack(0x000000630f400000,0x000000630f500000) (1024K)]
  0x0000017700db6e10 ConcurrentGCThread "G1 Main Marker"            [id=19200, stack(0x000000630f500000,0x000000630f600000) (1024K)]
  0x0000017700db9ed0 WorkerThread "G1 Conc#0"                       [id=19228, stack(0x000000630f600000,0x000000630f700000) (1024K)]
  0x0000017720cb3580 ConcurrentGCThread "G1 Refine#0"               [id=19260, stack(0x000000630f700000,0x000000630f800000) (1024K)]
  0x0000017720cb3da0 ConcurrentGCThread "G1 Service"                [id=19276, stack(0x000000630f800000,0x000000630f900000) (1024K)]
Total: 7

Threads with active compile tasks:
JVMCI-native CompilerThread0     2009  457   !   4       java.util.zip.ZipFile$Source::checkAndAddEntry (295 bytes)
Total: 1

VM state: not at safepoint (normal execution)

VM Mutex/Monitor currently owned by a thread: None

Heap address: 0x0000000086600000, size: 1946 MB, Compressed Oops mode: 32-bit

CDS archive(s) mapped at: [0x0000017721000000-0x0000017721c90000-0x0000017721c90000), size 13172736, SharedBaseAddress: 0x0000017721000000, ArchiveRelocationMode: 1.
Compressed class space mapped at: 0x0000017722000000-0x0000017762000000, reserved size: 1073741824
Narrow klass base: 0x0000017721000000, Narrow klass shift: 0, Narrow klass range: 0x100000000

GC Precious Log:
 CardTable entry size: 512
 Card Set container configuration: InlinePtr #cards 5 size 8 Array Of Cards #cards 12 size 40 Howl #buckets 4 coarsen threshold 1843 Howl Bitmap #cards 512 size 80 coarsen threshold 460 Card regions per heap region 1 cards per card region 2048
 CPUs: 8 total, 8 available
 Memory: 7778M
 Large Page Support: Disabled
 NUMA Support: Disabled
 Compressed Oops: Enabled (32-bit)
 Heap Region Size: 1M
 Heap Min Capacity: 8M
 Heap Initial Capacity: 122M
 Heap Max Capacity: 1946M
 Pre-touch: Disabled
 Parallel Workers: 8
 Concurrent Workers: 2
 Concurrent Refinement Workers: 8
 Periodic GC: Disabled

Heap:
 garbage-first heap   total 124928K, used 12288K [0x0000000086600000, 0x0000000100000000)
  region size 1024K, 12 young (12288K), 0 survivors (0K)
 Metaspace       used 1366K, committed 1536K, reserved 1114112K
  class space    used 91K, committed 192K, reserved 1048576K

Heap Regions: E=young(eden), S=young(survivor), O=old, HS=humongous(starts), HC=humongous(continues), CS=collection set, F=free, TAMS=top-at-mark-start, PB=parsable bottom
|   0|0x0000000086600000, 0x0000000086700000, 0x0000000086700000|100%|HS|  |TAMS 0x0000000086600000| PB 0x0000000086600000| Complete 
|   1|0x0000000086700000, 0x0000000086800000, 0x0000000086800000|100%|HS|  |TAMS 0x0000000086700000| PB 0x0000000086700000| Complete 
|   2|0x0000000086800000, 0x0000000086800000, 0x0000000086900000|  0%| F|  |TAMS 0x0000000086800000| PB 0x0000000086800000| Untracked 
|   3|0x0000000086900000, 0x0000000086900000, 0x0000000086a00000|  0%| F|  |TAMS 0x0000000086900000| PB 0x0000000086900000| Untracked 
|   4|0x0000000086a00000, 0x0000000086a00000, 0x0000000086b00000|  0%| F|  |TAMS 0x0000000086a00000| PB 0x0000000086a00000| Untracked 
|   5|0x0000000086b00000, 0x0000000086b00000, 0x0000000086c00000|  0%| F|  |TAMS 0x0000000086b00000| PB 0x0000000086b00000| Untracked 
|   6|0x0000000086c00000, 0x0000000086c00000, 0x0000000086d00000|  0%| F|  |TAMS 0x0000000086c00000| PB 0x0000000086c00000| Untracked 
|   7|0x0000000086d00000, 0x0000000086d00000, 0x0000000086e00000|  0%| F|  |TAMS 0x0000000086d00000| PB 0x0000000086d00000| Untracked 
|   8|0x0000000086e00000, 0x0000000086e00000, 0x0000000086f00000|  0%| F|  |TAMS 0x0000000086e00000| PB 0x0000000086e00000| Untracked 
|   9|0x0000000086f00000, 0x0000000086f00000, 0x0000000087000000|  0%| F|  |TAMS 0x0000000086f00000| PB 0x0000000086f00000| Untracked 
|  10|0x0000000087000000, 0x0000000087000000, 0x0000000087100000|  0%| F|  |TAMS 0x0000000087000000| PB 0x0000000087000000| Untracked 
|  11|0x0000000087100000, 0x0000000087100000, 0x0000000087200000|  0%| F|  |TAMS 0x0000000087100000| PB 0x0000000087100000| Untracked 
|  12|0x0000000087200000, 0x0000000087200000, 0x0000000087300000|  0%| F|  |TAMS 0x0000000087200000| PB 0x0000000087200000| Untracked 
|  13|0x0000000087300000, 0x0000000087300000, 0x0000000087400000|  0%| F|  |TAMS 0x0000000087300000| PB 0x0000000087300000| Untracked 
|  14|0x0000000087400000, 0x0000000087400000, 0x0000000087500000|  0%| F|  |TAMS 0x0000000087400000| PB 0x0000000087400000| Untracked 
|  15|0x0000000087500000, 0x0000000087500000, 0x0000000087600000|  0%| F|  |TAMS 0x0000000087500000| PB 0x0000000087500000| Untracked 
|  16|0x0000000087600000, 0x0000000087600000, 0x0000000087700000|  0%| F|  |TAMS 0x0000000087600000| PB 0x0000000087600000| Untracked 
|  17|0x0000000087700000, 0x0000000087700000, 0x0000000087800000|  0%| F|  |TAMS 0x0000000087700000| PB 0x0000000087700000| Untracked 
|  18|0x0000000087800000, 0x0000000087800000, 0x0000000087900000|  0%| F|  |TAMS 0x0000000087800000| PB 0x0000000087800000| Untracked 
|  19|0x0000000087900000, 0x0000000087900000, 0x0000000087a00000|  0%| F|  |TAMS 0x0000000087900000| PB 0x0000000087900000| Untracked 
|  20|0x0000000087a00000, 0x0000000087a00000, 0x0000000087b00000|  0%| F|  |TAMS 0x0000000087a00000| PB 0x0000000087a00000| Untracked 
|  21|0x0000000087b00000, 0x0000000087b00000, 0x0000000087c00000|  0%| F|  |TAMS 0x0000000087b00000| PB 0x0000000087b00000| Untracked 
|  22|0x0000000087c00000, 0x0000000087c00000, 0x0000000087d00000|  0%| F|  |TAMS 0x0000000087c00000| PB 0x0000000087c00000| Untracked 
|  23|0x0000000087d00000, 0x0000000087d00000, 0x0000000087e00000|  0%| F|  |TAMS 0x0000000087d00000| PB 0x0000000087d00000| Untracked 
|  24|0x0000000087e00000, 0x0000000087e00000, 0x0000000087f00000|  0%| F|  |TAMS 0x0000000087e00000| PB 0x0000000087e00000| Untracked 
|  25|0x0000000087f00000, 0x0000000087f00000, 0x0000000088000000|  0%| F|  |TAMS 0x0000000087f00000| PB 0x0000000087f00000| Untracked 
|  26|0x0000000088000000, 0x0000000088000000, 0x0000000088100000|  0%| F|  |TAMS 0x0000000088000000| PB 0x0000000088000000| Untracked 
|  27|0x0000000088100000, 0x0000000088100000, 0x0000000088200000|  0%| F|  |TAMS 0x0000000088100000| PB 0x0000000088100000| Untracked 
|  28|0x0000000088200000, 0x0000000088200000, 0x0000000088300000|  0%| F|  |TAMS 0x0000000088200000| PB 0x0000000088200000| Untracked 
|  29|0x0000000088300000, 0x0000000088300000, 0x0000000088400000|  0%| F|  |TAMS 0x0000000088300000| PB 0x0000000088300000| Untracked 
|  30|0x0000000088400000, 0x0000000088400000, 0x0000000088500000|  0%| F|  |TAMS 0x0000000088400000| PB 0x0000000088400000| Untracked 
|  31|0x0000000088500000, 0x0000000088500000, 0x0000000088600000|  0%| F|  |TAMS 0x0000000088500000| PB 0x0000000088500000| Untracked 
|  32|0x0000000088600000, 0x0000000088600000, 0x0000000088700000|  0%| F|  |TAMS 0x0000000088600000| PB 0x0000000088600000| Untracked 
|  33|0x0000000088700000, 0x0000000088700000, 0x0000000088800000|  0%| F|  |TAMS 0x0000000088700000| PB 0x0000000088700000| Untracked 
|  34|0x0000000088800000, 0x0000000088800000, 0x0000000088900000|  0%| F|  |TAMS 0x0000000088800000| PB 0x0000000088800000| Untracked 
|  35|0x0000000088900000, 0x0000000088900000, 0x0000000088a00000|  0%| F|  |TAMS 0x0000000088900000| PB 0x0000000088900000| Untracked 
|  36|0x0000000088a00000, 0x0000000088a00000, 0x0000000088b00000|  0%| F|  |TAMS 0x0000000088a00000| PB 0x0000000088a00000| Untracked 
|  37|0x0000000088b00000, 0x0000000088b00000, 0x0000000088c00000|  0%| F|  |TAMS 0x0000000088b00000| PB 0x0000000088b00000| Untracked 
|  38|0x0000000088c00000, 0x0000000088c00000, 0x0000000088d00000|  0%| F|  |TAMS 0x0000000088c00000| PB 0x0000000088c00000| Untracked 
|  39|0x0000000088d00000, 0x0000000088d00000, 0x0000000088e00000|  0%| F|  |TAMS 0x0000000088d00000| PB 0x0000000088d00000| Untracked 
|  40|0x0000000088e00000, 0x0000000088e00000, 0x0000000088f00000|  0%| F|  |TAMS 0x0000000088e00000| PB 0x0000000088e00000| Untracked 
|  41|0x0000000088f00000, 0x0000000088f00000, 0x0000000089000000|  0%| F|  |TAMS 0x0000000088f00000| PB 0x0000000088f00000| Untracked 
|  42|0x0000000089000000, 0x0000000089000000, 0x0000000089100000|  0%| F|  |TAMS 0x0000000089000000| PB 0x0000000089000000| Untracked 
|  43|0x0000000089100000, 0x0000000089100000, 0x0000000089200000|  0%| F|  |TAMS 0x0000000089100000| PB 0x0000000089100000| Untracked 
|  44|0x0000000089200000, 0x0000000089200000, 0x0000000089300000|  0%| F|  |TAMS 0x0000000089200000| PB 0x0000000089200000| Untracked 
|  45|0x0000000089300000, 0x0000000089300000, 0x0000000089400000|  0%| F|  |TAMS 0x0000000089300000| PB 0x0000000089300000| Untracked 
|  46|0x0000000089400000, 0x0000000089400000, 0x0000000089500000|  0%| F|  |TAMS 0x0000000089400000| PB 0x0000000089400000| Untracked 
|  47|0x0000000089500000, 0x0000000089500000, 0x0000000089600000|  0%| F|  |TAMS 0x0000000089500000| PB 0x0000000089500000| Untracked 
|  48|0x0000000089600000, 0x0000000089600000, 0x0000000089700000|  0%| F|  |TAMS 0x0000000089600000| PB 0x0000000089600000| Untracked 
|  49|0x0000000089700000, 0x0000000089700000, 0x0000000089800000|  0%| F|  |TAMS 0x0000000089700000| PB 0x0000000089700000| Untracked 
|  50|0x0000000089800000, 0x0000000089800000, 0x0000000089900000|  0%| F|  |TAMS 0x0000000089800000| PB 0x0000000089800000| Untracked 
|  51|0x0000000089900000, 0x0000000089900000, 0x0000000089a00000|  0%| F|  |TAMS 0x0000000089900000| PB 0x0000000089900000| Untracked 
|  52|0x0000000089a00000, 0x0000000089a00000, 0x0000000089b00000|  0%| F|  |TAMS 0x0000000089a00000| PB 0x0000000089a00000| Untracked 
|  53|0x0000000089b00000, 0x0000000089b00000, 0x0000000089c00000|  0%| F|  |TAMS 0x0000000089b00000| PB 0x0000000089b00000| Untracked 
|  54|0x0000000089c00000, 0x0000000089c00000, 0x0000000089d00000|  0%| F|  |TAMS 0x0000000089c00000| PB 0x0000000089c00000| Untracked 
|  55|0x0000000089d00000, 0x0000000089d00000, 0x0000000089e00000|  0%| F|  |TAMS 0x0000000089d00000| PB 0x0000000089d00000| Untracked 
|  56|0x0000000089e00000, 0x0000000089e00000, 0x0000000089f00000|  0%| F|  |TAMS 0x0000000089e00000| PB 0x0000000089e00000| Untracked 
|  57|0x0000000089f00000, 0x0000000089f00000, 0x000000008a000000|  0%| F|  |TAMS 0x0000000089f00000| PB 0x0000000089f00000| Untracked 
|  58|0x000000008a000000, 0x000000008a000000, 0x000000008a100000|  0%| F|  |TAMS 0x000000008a000000| PB 0x000000008a000000| Untracked 
|  59|0x000000008a100000, 0x000000008a100000, 0x000000008a200000|  0%| F|  |TAMS 0x000000008a100000| PB 0x000000008a100000| Untracked 
|  60|0x000000008a200000, 0x000000008a200000, 0x000000008a300000|  0%| F|  |TAMS 0x000000008a200000| PB 0x000000008a200000| Untracked 
|  61|0x000000008a300000, 0x000000008a300000, 0x000000008a400000|  0%| F|  |TAMS 0x000000008a300000| PB 0x000000008a300000| Untracked 
|  62|0x000000008a400000, 0x000000008a400000, 0x000000008a500000|  0%| F|  |TAMS 0x000000008a400000| PB 0x000000008a400000| Untracked 
|  63|0x000000008a500000, 0x000000008a500000, 0x000000008a600000|  0%| F|  |TAMS 0x000000008a500000| PB 0x000000008a500000| Untracked 
|  64|0x000000008a600000, 0x000000008a600000, 0x000000008a700000|  0%| F|  |TAMS 0x000000008a600000| PB 0x000000008a600000| Untracked 
|  65|0x000000008a700000, 0x000000008a700000, 0x000000008a800000|  0%| F|  |TAMS 0x000000008a700000| PB 0x000000008a700000| Untracked 
|  66|0x000000008a800000, 0x000000008a800000, 0x000000008a900000|  0%| F|  |TAMS 0x000000008a800000| PB 0x000000008a800000| Untracked 
|  67|0x000000008a900000, 0x000000008a900000, 0x000000008aa00000|  0%| F|  |TAMS 0x000000008a900000| PB 0x000000008a900000| Untracked 
|  68|0x000000008aa00000, 0x000000008aa00000, 0x000000008ab00000|  0%| F|  |TAMS 0x000000008aa00000| PB 0x000000008aa00000| Untracked 
|  69|0x000000008ab00000, 0x000000008ab00000, 0x000000008ac00000|  0%| F|  |TAMS 0x000000008ab00000| PB 0x000000008ab00000| Untracked 
|  70|0x000000008ac00000, 0x000000008ac00000, 0x000000008ad00000|  0%| F|  |TAMS 0x000000008ac00000| PB 0x000000008ac00000| Untracked 
|  71|0x000000008ad00000, 0x000000008ad00000, 0x000000008ae00000|  0%| F|  |TAMS 0x000000008ad00000| PB 0x000000008ad00000| Untracked 
|  72|0x000000008ae00000, 0x000000008ae00000, 0x000000008af00000|  0%| F|  |TAMS 0x000000008ae00000| PB 0x000000008ae00000| Untracked 
|  73|0x000000008af00000, 0x000000008af00000, 0x000000008b000000|  0%| F|  |TAMS 0x000000008af00000| PB 0x000000008af00000| Untracked 
|  74|0x000000008b000000, 0x000000008b000000, 0x000000008b100000|  0%| F|  |TAMS 0x000000008b000000| PB 0x000000008b000000| Untracked 
|  75|0x000000008b100000, 0x000000008b100000, 0x000000008b200000|  0%| F|  |TAMS 0x000000008b100000| PB 0x000000008b100000| Untracked 
|  76|0x000000008b200000, 0x000000008b200000, 0x000000008b300000|  0%| F|  |TAMS 0x000000008b200000| PB 0x000000008b200000| Untracked 
|  77|0x000000008b300000, 0x000000008b300000, 0x000000008b400000|  0%| F|  |TAMS 0x000000008b300000| PB 0x000000008b300000| Untracked 
|  78|0x000000008b400000, 0x000000008b400000, 0x000000008b500000|  0%| F|  |TAMS 0x000000008b400000| PB 0x000000008b400000| Untracked 
|  79|0x000000008b500000, 0x000000008b500000, 0x000000008b600000|  0%| F|  |TAMS 0x000000008b500000| PB 0x000000008b500000| Untracked 
|  80|0x000000008b600000, 0x000000008b600000, 0x000000008b700000|  0%| F|  |TAMS 0x000000008b600000| PB 0x000000008b600000| Untracked 
|  81|0x000000008b700000, 0x000000008b700000, 0x000000008b800000|  0%| F|  |TAMS 0x000000008b700000| PB 0x000000008b700000| Untracked 
|  82|0x000000008b800000, 0x000000008b800000, 0x000000008b900000|  0%| F|  |TAMS 0x000000008b800000| PB 0x000000008b800000| Untracked 
|  83|0x000000008b900000, 0x000000008b900000, 0x000000008ba00000|  0%| F|  |TAMS 0x000000008b900000| PB 0x000000008b900000| Untracked 
|  84|0x000000008ba00000, 0x000000008ba00000, 0x000000008bb00000|  0%| F|  |TAMS 0x000000008ba00000| PB 0x000000008ba00000| Untracked 
|  85|0x000000008bb00000, 0x000000008bb00000, 0x000000008bc00000|  0%| F|  |TAMS 0x000000008bb00000| PB 0x000000008bb00000| Untracked 
|  86|0x000000008bc00000, 0x000000008bc00000, 0x000000008bd00000|  0%| F|  |TAMS 0x000000008bc00000| PB 0x000000008bc00000| Untracked 
|  87|0x000000008bd00000, 0x000000008bd00000, 0x000000008be00000|  0%| F|  |TAMS 0x000000008bd00000| PB 0x000000008bd00000| Untracked 
|  88|0x000000008be00000, 0x000000008be00000, 0x000000008bf00000|  0%| F|  |TAMS 0x000000008be00000| PB 0x000000008be00000| Untracked 
|  89|0x000000008bf00000, 0x000000008bf00000, 0x000000008c000000|  0%| F|  |TAMS 0x000000008bf00000| PB 0x000000008bf00000| Untracked 
|  90|0x000000008c000000, 0x000000008c000000, 0x000000008c100000|  0%| F|  |TAMS 0x000000008c000000| PB 0x000000008c000000| Untracked 
|  91|0x000000008c100000, 0x000000008c100000, 0x000000008c200000|  0%| F|  |TAMS 0x000000008c100000| PB 0x000000008c100000| Untracked 
|  92|0x000000008c200000, 0x000000008c200000, 0x000000008c300000|  0%| F|  |TAMS 0x000000008c200000| PB 0x000000008c200000| Untracked 
|  93|0x000000008c300000, 0x000000008c300000, 0x000000008c400000|  0%| F|  |TAMS 0x000000008c300000| PB 0x000000008c300000| Untracked 
|  94|0x000000008c400000, 0x000000008c400000, 0x000000008c500000|  0%| F|  |TAMS 0x000000008c400000| PB 0x000000008c400000| Untracked 
|  95|0x000000008c500000, 0x000000008c500000, 0x000000008c600000|  0%| F|  |TAMS 0x000000008c500000| PB 0x000000008c500000| Untracked 
|  96|0x000000008c600000, 0x000000008c600000, 0x000000008c700000|  0%| F|  |TAMS 0x000000008c600000| PB 0x000000008c600000| Untracked 
|  97|0x000000008c700000, 0x000000008c700000, 0x000000008c800000|  0%| F|  |TAMS 0x000000008c700000| PB 0x000000008c700000| Untracked 
|  98|0x000000008c800000, 0x000000008c800000, 0x000000008c900000|  0%| F|  |TAMS 0x000000008c800000| PB 0x000000008c800000| Untracked 
|  99|0x000000008c900000, 0x000000008c900000, 0x000000008ca00000|  0%| F|  |TAMS 0x000000008c900000| PB 0x000000008c900000| Untracked 
| 100|0x000000008ca00000, 0x000000008ca00000, 0x000000008cb00000|  0%| F|  |TAMS 0x000000008ca00000| PB 0x000000008ca00000| Untracked 
| 101|0x000000008cb00000, 0x000000008cb00000, 0x000000008cc00000|  0%| F|  |TAMS 0x000000008cb00000| PB 0x000000008cb00000| Untracked 
| 102|0x000000008cc00000, 0x000000008cc00000, 0x000000008cd00000|  0%| F|  |TAMS 0x000000008cc00000| PB 0x000000008cc00000| Untracked 
| 103|0x000000008cd00000, 0x000000008cd00000, 0x000000008ce00000|  0%| F|  |TAMS 0x000000008cd00000| PB 0x000000008cd00000| Untracked 
| 104|0x000000008ce00000, 0x000000008ce00000, 0x000000008cf00000|  0%| F|  |TAMS 0x000000008ce00000| PB 0x000000008ce00000| Untracked 
| 105|0x000000008cf00000, 0x000000008cf00000, 0x000000008d000000|  0%| F|  |TAMS 0x000000008cf00000| PB 0x000000008cf00000| Untracked 
| 106|0x000000008d000000, 0x000000008d000000, 0x000000008d100000|  0%| F|  |TAMS 0x000000008d000000| PB 0x000000008d000000| Untracked 
| 107|0x000000008d100000, 0x000000008d100000, 0x000000008d200000|  0%| F|  |TAMS 0x000000008d100000| PB 0x000000008d100000| Untracked 
| 108|0x000000008d200000, 0x000000008d200000, 0x000000008d300000|  0%| F|  |TAMS 0x000000008d200000| PB 0x000000008d200000| Untracked 
| 109|0x000000008d300000, 0x000000008d300000, 0x000000008d400000|  0%| F|  |TAMS 0x000000008d300000| PB 0x000000008d300000| Untracked 
| 110|0x000000008d400000, 0x000000008d500000, 0x000000008d500000|100%| E|  |TAMS 0x000000008d400000| PB 0x000000008d400000| Complete 
| 111|0x000000008d500000, 0x000000008d600000, 0x000000008d600000|100%| E|CS|TAMS 0x000000008d500000| PB 0x000000008d500000| Complete 
| 112|0x000000008d600000, 0x000000008d700000, 0x000000008d700000|100%| E|  |TAMS 0x000000008d600000| PB 0x000000008d600000| Complete 
| 113|0x000000008d700000, 0x000000008d800000, 0x000000008d800000|100%| E|CS|TAMS 0x000000008d700000| PB 0x000000008d700000| Complete 
| 114|0x000000008d800000, 0x000000008d900000, 0x000000008d900000|100%| E|CS|TAMS 0x000000008d800000| PB 0x000000008d800000| Complete 
| 115|0x000000008d900000, 0x000000008da00000, 0x000000008da00000|100%| E|CS|TAMS 0x000000008d900000| PB 0x000000008d900000| Complete 
| 116|0x000000008da00000, 0x000000008db00000, 0x000000008db00000|100%| E|CS|TAMS 0x000000008da00000| PB 0x000000008da00000| Complete 
| 117|0x000000008db00000, 0x000000008dc00000, 0x000000008dc00000|100%| E|CS|TAMS 0x000000008db00000| PB 0x000000008db00000| Complete 
| 118|0x000000008dc00000, 0x000000008dd00000, 0x000000008dd00000|100%| E|CS|TAMS 0x000000008dc00000| PB 0x000000008dc00000| Complete 
| 119|0x000000008dd00000, 0x000000008de00000, 0x000000008de00000|100%| E|CS|TAMS 0x000000008dd00000| PB 0x000000008dd00000| Complete 
| 120|0x000000008de00000, 0x000000008df00000, 0x000000008df00000|100%| E|CS|TAMS 0x000000008de00000| PB 0x000000008de00000| Complete 
| 121|0x000000008df00000, 0x000000008e000000, 0x000000008e000000|100%| E|CS|TAMS 0x000000008df00000| PB 0x000000008df00000| Complete 

Card table byte_map: [0x000001771c130000,0x000001771c500000] _byte_map_base: 0x000001771bcfd000

Marking Bits: (CMBitMap*) 0x0000017700da7040
 Bits: [0x000001771c500000, 0x000001771e368000)

Polling page: 0x000001770c2b0000

Metaspace:

Usage:
  Non-class:      1.25 MB used.
      Class:     91.31 KB used.
       Both:      1.33 MB used.

Virtual space:
  Non-class space:       64.00 MB reserved,       1.31 MB (  2%) committed,  1 nodes.
      Class space:        1.00 GB reserved,     192.00 KB ( <1%) committed,  1 nodes.
             Both:        1.06 GB reserved,       1.50 MB ( <1%) committed. 

Chunk freelists:
   Non-Class:  11.88 MB
       Class:  15.72 MB
        Both:  27.60 MB

MaxMetaspaceSize: unlimited
CompressedClassSpaceSize: 1.00 GB
Initial GC threshold: 21.00 MB
Current GC threshold: 21.00 MB
CDS: on
 - commit_granule_bytes: 65536.
 - commit_granule_words: 8192.
 - virtual_space_node_default_size: 8388608.
 - enlarge_chunks_in_place: 1.
 - use_allocation_guard: 0.


Internal statistics:

num_allocs_failed_limit: 0.
num_arena_births: 26.
num_arena_deaths: 0.
num_vsnodes_births: 2.
num_vsnodes_deaths: 0.
num_space_committed: 24.
num_space_uncommitted: 0.
num_chunks_returned_to_freelist: 0.
num_chunks_taken_from_freelist: 36.
num_chunk_merges: 0.
num_chunk_splits: 26.
num_chunks_enlarged: 17.
num_inconsistent_stats: 0.

CodeHeap 'non-profiled nmethods': size=119488Kb used=134Kb max_used=134Kb free=119353Kb
 bounds [0x0000017713e20000, 0x0000017714090000, 0x000001771b2d0000]
CodeHeap 'profiled nmethods': size=119424Kb used=853Kb max_used=853Kb free=118570Kb
 bounds [0x000001770c2d0000, 0x000001770c540000, 0x0000017713770000]
CodeHeap 'non-nmethods': size=6848Kb used=2003Kb max_used=2003Kb free=4844Kb
 bounds [0x0000017713770000, 0x00000177139e0000, 0x0000017713e20000]
 total_blobs=1015 nmethods=600 adapters=337
 compilation: enabled
              stopped_count=0, restarted_count=0
 full_count=0

JVMCI Events (13 events):
Event: 0.063 Thread 0x0000017700d51da0 created new Java JVMCI runtime -1 (0x0000017700c081d0)
Event: 0.677 Thread 0x0000017720e1ce80 created new CompileBroker JVMCI runtime 0 (0x0000017766102bb0)
Event: 0.677 Thread 0x0000017720e1ce80 attached to JVMCI runtime 0
Event: 0.696 Thread 0x0000017720e1ce80 loaded JVMCI shared library from C:\Program Files\Java\GraalVM\graalvm-jdk-21.0.7\bin\jvmcicompiler.dll
Event: 0.734 Thread 0x0000017720e1ce80 created JavaVM[1]@0x0000017766dd6170 for JVMCI runtime 0
Event: 0.734 Thread 0x0000017720e1ce80 initializing JVMCI runtime 0
Event: 0.734 Thread 0x0000017720e1ce80 initializing JavaVM references in JVMCI runtime 0
Event: 0.735 Thread 0x0000017720e1ce80 initialized JavaVM references in JVMCI runtime 0
Event: 1.655 Thread 0x0000017720e1ce80 initialized JVMCI runtime 0
Event: 1.835 Thread 0x0000017720e1ce80 compacted oop handles in JVMCI runtime 0 from 62 to 60
Event: 1.912 Thread 0x0000017720e1ce80 uncaught exception in call_HotSpotJVMCIRuntime_compileMethod [nested exception occurred converting exception to string]
Event: 1.912 Thread 0x0000017720e1ce80 JVMCI upcall had an error: uncaught exception in call_HotSpotJVMCIRuntime_compileMethod [nested exception occurred converting exception to string]
Event: 1.912 Thread 0x0000017720e1ce80 nested exception occurred converting exception stack to string

Compilation events (20 events):
Event: 1.835 Thread 0x0000017720e1ce80 nmethod 215 0x0000017713e40790 code [0x0000017713e40920, 0x0000017713e40a58]
Event: 1.835 Thread 0x0000017720e1ce80  421       4       java.lang.StringLatin1::canEncode (13 bytes)
Event: 1.839 Thread 0x0000017720e1ce80 nmethod 421 0x0000017713e40b10 code [0x0000017713e40c80, 0x0000017713e40d18]
Event: 1.839 Thread 0x0000017720e1ce80  422       4       jdk.internal.util.ArraysSupport::vectorizedHashCode (158 bytes)
Event: 1.849 Thread 0x0000017720e1d6d0  608       3       java.util.zip.ZipFile$Source::getEntryPos (164 bytes)
Event: 1.849 Thread 0x00000177660b9690  609   !   3       java.util.zip.ZipFile::getEntry (59 bytes)
Event: 1.851 Thread 0x00000177660b9690 nmethod 609 0x000001770c3a2290 code [0x000001770c3a2480, 0x000001770c3a2910]
Event: 1.851 Thread 0x00000177660b9690  610       2       java.lang.AbstractStringBuilder::append (55 bytes)
Event: 1.851 Thread 0x00000177660b9690 nmethod 610 0x000001770c3a2b90 code [0x000001770c3a2d60, 0x000001770c3a2f70]
Event: 1.852 Thread 0x0000017720e1d6d0 nmethod 608 0x000001770c3a3090 code [0x000001770c3a32e0, 0x000001770c3a3d28]
Event: 1.857 Thread 0x00000177660b9690  611       2       java.util.jar.JarFile::getVersionedEntry (133 bytes)
Event: 1.859 Thread 0x00000177660b9690 nmethod 611 0x000001770c3a4210 code [0x000001770c3a4460, 0x000001770c3a4ad8]
Event: 1.863 Thread 0x0000017720e1ce80 nmethod 422 0x0000017713e40e10 code [0x0000017713e40fc0, 0x0000017713e41228]
Event: 1.863 Thread 0x0000017720e1ce80  490       4       java.util.zip.ZipFile$Source::zipCoderForPos (39 bytes)
Event: 1.870 Thread 0x0000017720e1ce80 nmethod 490 0x0000017713e41410 code [0x0000017713e415a0, 0x0000017713e41680]
Event: 1.870 Thread 0x0000017720e1ce80  457   !   4       java.util.zip.ZipFile$Source::checkAndAddEntry (295 bytes)
Event: 1.908 Thread 0x00000177660b9690  612       2       jdk.internal.jimage.ImageLocation::readValue (61 bytes)
Event: 1.909 Thread 0x0000017720e1d6d0  613       1       jdk.internal.jimage.ImageHeader::getTableLength (5 bytes)
Event: 1.909 Thread 0x00000177660b9690 nmethod 612 0x000001770c3a4f10 code [0x000001770c3a50e0, 0x000001770c3a5380]
Event: 1.909 Thread 0x0000017720e1d6d0 nmethod 613 0x0000017713e41790 code [0x0000017713e41920, 0x0000017713e419e8]

GC Heap History (0 events):
No events

Dll operation events (9 events):
Event: 0.023 Loaded shared library C:\Program Files\Java\GraalVM\graalvm-jdk-21.0.7\bin\java.dll
Event: 0.098 Loaded shared library C:\Program Files\Java\GraalVM\graalvm-jdk-21.0.7\bin\jsvml.dll
Event: 0.671 Loaded shared library C:\Program Files\Java\GraalVM\graalvm-jdk-21.0.7\bin\zip.dll
Event: 0.692 Loaded shared library C:\Program Files\Java\GraalVM\graalvm-jdk-21.0.7\bin\instrument.dll
Event: 0.695 Loaded shared library C:\Program Files\Java\GraalVM\graalvm-jdk-21.0.7\bin\jvmcicompiler.dll
Event: 0.727 Loaded shared library C:\Program Files\Java\GraalVM\graalvm-jdk-21.0.7\bin\net.dll
Event: 0.734 Loaded shared library C:\Program Files\Java\GraalVM\graalvm-jdk-21.0.7\bin\nio.dll
Event: 0.751 Loaded shared library C:\Program Files\Java\GraalVM\graalvm-jdk-21.0.7\bin\zip.dll
Event: 0.807 Loaded shared library C:\Program Files\Java\GraalVM\graalvm-jdk-21.0.7\bin\jimage.dll

Deoptimization events (4 events):
Event: 0.974 Thread 0x0000017700d51da0 DEOPT PACKING pc=0x000001770c344c20 sp=0x000000630f3fe990
Event: 0.976 Thread 0x0000017700d51da0 DEOPT UNPACKING pc=0x00000177137c8fe3 sp=0x000000630f3fde20 mode 0
Event: 1.500 Thread 0x0000017720e1ce80 DEOPT PACKING pc=0x000001770c37201f sp=0x00000063101fc230
Event: 1.501 Thread 0x0000017720e1ce80 DEOPT UNPACKING pc=0x00000177137c8fe3 sp=0x00000063101fb6c8 mode 0

Classes loaded (20 events):
Event: 1.722 Loading class java/util/concurrent/BlockingQueue
Event: 1.722 Loading class java/util/concurrent/BlockingQueue done
Event: 1.723 Loading class java/util/AbstractQueue
Event: 1.723 Loading class java/util/AbstractQueue done
Event: 1.723 Loading class java/util/concurrent/LinkedBlockingQueue done
Event: 1.724 Loading class java/util/concurrent/LinkedBlockingQueue$Node
Event: 1.724 Loading class java/util/concurrent/LinkedBlockingQueue$Node done
Event: 1.732 Loading class java/lang/InheritableThreadLocal
Event: 1.733 Loading class java/lang/InheritableThreadLocal done
Event: 1.828 Loading class java/net/Socket done
Event: 1.831 Loading class java/lang/invoke/VarHandleInts$FieldInstanceReadWrite
Event: 1.848 Loading class java/lang/invoke/VarHandleInts$FieldInstanceReadOnly
Event: 1.855 Loading class java/lang/invoke/VarHandleInts$FieldInstanceReadOnly done
Event: 1.855 Loading class java/lang/invoke/VarHandleInts$FieldInstanceReadWrite done
Event: 1.857 Loading class java/net/InetSocketAddress
Event: 1.862 Loading class java/lang/SecurityException
Event: 1.864 Loading class java/net/SocketAddress
Event: 1.864 Loading class java/net/SocketAddress done
Event: 1.864 Loading class java/net/InetSocketAddress done
Event: 1.904 Loading class java/lang/SecurityException done

Classes unloaded (0 events):
No events

Classes redefined (0 events):
No events

Internal exceptions (3 events):
Event: 1.615 Thread 0x0000017700d51da0 Exception <a 'java/lang/NoSuchMethodError'{0x000000008dbf7798}: 'void java.lang.invoke.DirectMethodHandle$Holder.invokeStatic(java.lang.Object, java.lang.Object, java.lang.Object)'> (0x000000008dbf7798) 
thrown [s\open\src\hotspot\share\interpreter\linkResolver.cpp, line 773]
Event: 1.635 Thread 0x0000017700d51da0 Exception <a 'java/lang/NoSuchMethodError'{0x000000008d40ef70}: 'java.lang.Object java.lang.invoke.Invokers$Holder.invokeExact_MT(java.lang.Object, java.lang.Object, java.lang.Object, java.lang.Object, java.lang.Object)'> (0x000000008d40ef70) 
thrown [s\open\src\hotspot\share\interpreter\linkResolver.cpp, line 773]
Event: 1.638 Thread 0x0000017720e1ce80 Exception <a 'java/lang/NoSuchMethodError'{0x000000008d5f7480}: 'java.lang.Object java.lang.invoke.Invokers$Holder.invokeExact_MT(java.lang.Object, java.lang.Object, java.lang.Object, java.lang.Object, java.lang.Object, java.lang.Object)'> (0x000000008d5f7480) 
thrown [s\open\src\hotspot\share\interpreter\linkResolver.cpp, line 773]

ZGC Phase Switch (0 events):
No events

VM Operations (10 events):
Event: 0.602 Executing VM operation: HandshakeAllThreads (Deoptimize)
Event: 0.603 Executing VM operation: HandshakeAllThreads (Deoptimize) done
Event: 0.845 Executing VM operation: HandshakeAllThreads (Deoptimize)
Event: 0.846 Executing VM operation: HandshakeAllThreads (Deoptimize) done
Event: 1.641 Executing VM operation: HandshakeAllThreads (Deoptimize)
Event: 1.641 Executing VM operation: HandshakeAllThreads (Deoptimize) done
Event: 1.641 Executing VM operation: Cleanup
Event: 1.642 Executing VM operation: Cleanup done
Event: 1.740 Executing VM operation: HandshakeAllThreads (Deoptimize)
Event: 1.829 Executing VM operation: HandshakeAllThreads (Deoptimize) done

Events (13 events):
Event: 0.059 Thread 0x0000017700d51da0 Thread added: 0x0000017700d51da0
Event: 0.091 Thread 0x0000017720e0d9d0 Thread added: 0x0000017720e0d9d0
Event: 0.091 Thread 0x0000017720e0e890 Thread added: 0x0000017720e0e890
Event: 0.092 Thread 0x0000017720e146a0 Thread added: 0x0000017720e146a0
Event: 0.092 Thread 0x0000017720e153b0 Thread added: 0x0000017720e153b0
Event: 0.092 Thread 0x0000017720e17b90 Thread added: 0x0000017720e17b90
Event: 0.093 Thread 0x0000017720e1b540 Thread added: 0x0000017720e1b540
Event: 0.093 Thread 0x0000017720e1ce80 Thread added: 0x0000017720e1ce80
Event: 0.093 Thread 0x0000017720e1d6d0 Thread added: 0x0000017720e1d6d0
Event: 0.565 Thread 0x00000177660b28d0 Thread added: 0x00000177660b28d0
Event: 0.600 Thread 0x00000177660b9690 Thread added: 0x00000177660b9690
Event: 1.658 Thread 0x00000177660b35f0 Thread added: 0x00000177660b35f0
Event: 1.659 Thread 0x00000177660b2f60 Thread added: 0x00000177660b2f60


Dynamic libraries:
0x00007ff6e8e50000 - 0x00007ff6e8e60000 	C:\Program Files\Java\GraalVM\graalvm-jdk-21.0.7\bin\java.exe
0x00007ff928870000 - 0x00007ff928a68000 	C:\Windows\SYSTEM32\ntdll.dll
0x00007ff927ab0000 - 0x00007ff927b72000 	C:\Windows\System32\KERNEL32.DLL
0x00007ff9262f0000 - 0x00007ff9265e6000 	C:\Windows\System32\KERNELBASE.dll
0x00007ff925f10000 - 0x00007ff926010000 	C:\Windows\System32\ucrtbase.dll
0x00007ff8e4150000 - 0x00007ff8e416b000 	C:\Program Files\Java\GraalVM\graalvm-jdk-21.0.7\bin\VCRUNTIME140.dll
0x00007ff8f9820000 - 0x00007ff8f9839000 	C:\Program Files\Java\GraalVM\graalvm-jdk-21.0.7\bin\jli.dll
0x00007ff927480000 - 0x00007ff92752f000 	C:\Windows\System32\ADVAPI32.dll
0x00007ff927600000 - 0x00007ff92769e000 	C:\Windows\System32\msvcrt.dll
0x00007ff926950000 - 0x00007ff9269ef000 	C:\Windows\System32\sechost.dll
0x00007ff928580000 - 0x00007ff9286a3000 	C:\Windows\System32\RPCRT4.dll
0x00007ff926010000 - 0x00007ff926037000 	C:\Windows\System32\bcrypt.dll
0x00007ff9278b0000 - 0x00007ff927a4d000 	C:\Windows\System32\USER32.dll
0x00007ff9262c0000 - 0x00007ff9262e2000 	C:\Windows\System32\win32u.dll
0x00007ff90b240000 - 0x00007ff90b4da000 	C:\Windows\WinSxS\amd64_microsoft.windows.common-controls_6595b64144ccf1df_6.0.19041.5794_none_60bcd33171f2783c\COMCTL32.dll
0x00007ff9284a0000 - 0x00007ff9284cb000 	C:\Windows\System32\GDI32.dll
0x00007ff9265f0000 - 0x00007ff92670a000 	C:\Windows\System32\gdi32full.dll
0x00007ff926220000 - 0x00007ff9262bd000 	C:\Windows\System32\msvcp_win.dll
0x00007ff91c9c0000 - 0x00007ff91c9ca000 	C:\Windows\SYSTEM32\VERSION.dll
0x00007ff926b20000 - 0x00007ff926b4f000 	C:\Windows\System32\IMM32.DLL
0x00007ff921bf0000 - 0x00007ff921bfc000 	C:\Program Files\Java\GraalVM\graalvm-jdk-21.0.7\bin\vcruntime140_1.dll
0x00007ff8cf930000 - 0x00007ff8cf9be000 	C:\Program Files\Java\GraalVM\graalvm-jdk-21.0.7\bin\msvcp140.dll
0x00007ff88daa0000 - 0x00007ff88e7c4000 	C:\Program Files\Java\GraalVM\graalvm-jdk-21.0.7\bin\server\jvm.dll
0x00007ff927700000 - 0x00007ff92776b000 	C:\Windows\System32\WS2_32.dll
0x00007ff925cc0000 - 0x00007ff925d0b000 	C:\Windows\SYSTEM32\POWRPROF.dll
0x00007ff911de0000 - 0x00007ff911e07000 	C:\Windows\SYSTEM32\WINMM.dll
0x00007ff925c30000 - 0x00007ff925c42000 	C:\Windows\SYSTEM32\UMPDC.dll
0x00007ff923d30000 - 0x00007ff923d42000 	C:\Windows\SYSTEM32\kernel.appcore.dll
0x00007ff8e8c40000 - 0x00007ff8e8c4a000 	C:\Program Files\Java\GraalVM\graalvm-jdk-21.0.7\bin\jimage.dll
0x00007ff919ed0000 - 0x00007ff91a0d1000 	C:\Windows\SYSTEM32\DBGHELP.DLL
0x00007ff911cd0000 - 0x00007ff911d04000 	C:\Windows\SYSTEM32\dbgcore.DLL
0x00007ff926760000 - 0x00007ff9267e2000 	C:\Windows\System32\bcryptPrimitives.dll
0x00007ff8de220000 - 0x00007ff8de22f000 	C:\Program Files\Java\GraalVM\graalvm-jdk-21.0.7\bin\instrument.dll
0x00007ff8e4130000 - 0x00007ff8e414f000 	C:\Program Files\Java\GraalVM\graalvm-jdk-21.0.7\bin\java.dll
0x00007ff927d30000 - 0x00007ff92849e000 	C:\Windows\System32\SHELL32.dll
0x00007ff923f50000 - 0x00007ff9246f3000 	C:\Windows\SYSTEM32\windows.storage.dll
0x00007ff926b60000 - 0x00007ff926eb3000 	C:\Windows\System32\combase.dll
0x00007ff925790000 - 0x00007ff9257bb000 	C:\Windows\SYSTEM32\Wldp.dll
0x00007ff927530000 - 0x00007ff9275fd000 	C:\Windows\System32\OLEAUT32.dll
0x00007ff926f60000 - 0x00007ff92700d000 	C:\Windows\System32\SHCORE.dll
0x00007ff9276a0000 - 0x00007ff9276f5000 	C:\Windows\System32\shlwapi.dll
0x00007ff925e40000 - 0x00007ff925e65000 	C:\Windows\SYSTEM32\profapi.dll
0x00007ff8c9b30000 - 0x00007ff8c9c07000 	C:\Program Files\Java\GraalVM\graalvm-jdk-21.0.7\bin\jsvml.dll
0x00007ff8e1800000 - 0x00007ff8e1818000 	C:\Program Files\Java\GraalVM\graalvm-jdk-21.0.7\bin\zip.dll
0x00007ff88aa70000 - 0x00007ff88da99000 	C:\Program Files\Java\GraalVM\graalvm-jdk-21.0.7\bin\jvmcicompiler.dll
0x00007ff926930000 - 0x00007ff926938000 	C:\Windows\System32\PSAPI.DLL
0x00007ff926040000 - 0x00007ff92619d000 	C:\Windows\System32\CRYPT32.dll
0x00007ff925e00000 - 0x00007ff925e2e000 	C:\Windows\SYSTEM32\USERENV.dll
0x00007ff925940000 - 0x00007ff925967000 	C:\Windows\SYSTEM32\ncrypt.dll
0x00007ff925570000 - 0x00007ff9255dc000 	C:\Windows\SYSTEM32\MSWSOCK.dll
0x00007ff925270000 - 0x00007ff9252ab000 	C:\Windows\SYSTEM32\IPHLPAPI.DLL
0x00007ff925900000 - 0x00007ff92593b000 	C:\Windows\SYSTEM32\NTASN1.dll
0x00007ff8e1840000 - 0x00007ff8e1850000 	C:\Program Files\Java\GraalVM\graalvm-jdk-21.0.7\bin\net.dll
0x00007ff9226d0000 - 0x00007ff9227da000 	C:\Windows\SYSTEM32\WINHTTP.dll
0x00007ff8e1820000 - 0x00007ff8e1836000 	C:\Program Files\Java\GraalVM\graalvm-jdk-21.0.7\bin\nio.dll

dbghelp: loaded successfully - version: 4.0.5 - missing functions: none
symbol engine: initialized successfully - sym options: 0x614 - pdb path: .;C:\Program Files\Java\GraalVM\graalvm-jdk-21.0.7\bin;C:\Windows\SYSTEM32;C:\Windows\WinSxS\amd64_microsoft.windows.common-controls_6595b64144ccf1df_6.0.19041.5794_none_60bcd33171f2783c;C:\Program Files\Java\GraalVM\graalvm-jdk-21.0.7\bin\server

VM Arguments:
jvm_args: -XX:ThreadPriorityPolicy=1 -XX:+UnlockExperimentalVMOptions -XX:+EnableJVMCIProduct -XX:-UnlockExperimentalVMOptions -Dspring.profiles.active=prod -javaagent:C:\Program Files\JetBrains\IntelliJ IDEA Community Edition 2025.1\lib\idea_rt.jar=50134 -Dfile.encoding=UTF-8 -Dsun.stdout.encoding=UTF-8 -Dsun.stderr.encoding=UTF-8 
java_command: com.ttoannguyen.lemongrass.LemongrassApplication
java_class_path (initial): D:\Workspaces\Thesis\Proj\Lemongrass\lemongrass\target\classes;C:\Users\ToanNguyen\.m2\repository\org\springframework\boot\spring-boot-starter-web\3.4.5\spring-boot-starter-web-3.4.5.jar;C:\Users\ToanNguyen\.m2\repository\org\springframework\boot\spring-boot-starter\3.4.5\spring-boot-starter-3.4.5.jar;C:\Users\ToanNguyen\.m2\repository\org\springframework\boot\spring-boot-starter-logging\3.4.5\spring-boot-starter-logging-3.4.5.jar;C:\Users\ToanNguyen\.m2\repository\ch\qos\logback\logback-classic\1.5.18\logback-classic-1.5.18.jar;C:\Users\ToanNguyen\.m2\repository\ch\qos\logback\logback-core\1.5.18\logback-core-1.5.18.jar;C:\Users\ToanNguyen\.m2\repository\org\apache\logging\log4j\log4j-to-slf4j\2.24.3\log4j-to-slf4j-2.24.3.jar;C:\Users\ToanNguyen\.m2\repository\org\apache\logging\log4j\log4j-api\2.24.3\log4j-api-2.24.3.jar;C:\Users\ToanNguyen\.m2\repository\org\slf4j\jul-to-slf4j\2.0.17\jul-to-slf4j-2.0.17.jar;C:\Users\ToanNguyen\.m2\repository\jakarta\annotation\jakarta.annotation-api\2.1.1\jakarta.annotation-api-2.1.1.jar;C:\Users\ToanNguyen\.m2\repository\org\yaml\snakeyaml\2.3\snakeyaml-2.3.jar;C:\Users\ToanNguyen\.m2\repository\org\springframework\boot\spring-boot-starter-json\3.4.5\spring-boot-starter-json-3.4.5.jar;C:\Users\ToanNguyen\.m2\repository\com\fasterxml\jackson\core\jackson-databind\2.18.3\jackson-databind-2.18.3.jar;C:\Users\ToanNguyen\.m2\repository\com\fasterxml\jackson\core\jackson-annotations\2.18.3\jackson-annotations-2.18.3.jar;C:\Users\ToanNguyen\.m2\repository\com\fasterxml\jackson\core\jackson-core\2.18.3\jackson-core-2.18.3.jar;C:\Users\ToanNguyen\.m2\repository\com\fasterxml\jackson\datatype\jackson-datatype-jdk8\2.18.3\jackson-datatype-jdk8-2.18.3.jar;C:\Users\ToanNguyen\.m2\repository\com\fasterxml\jackson\datatype\jackson-datatype-jsr310\2.18.3\jackson-datatype-jsr310-2.18.3.jar;C:\Users\ToanNguyen\.m2\repository\com\fasterxml\jackson\module\jackson-module-parameter-names\2.18.3\jackson-module-parameter-names-2.18.3.jar;C:\Users\ToanNguyen\.m2\repository\org\springframework\boot\spring-boot-starter-tomcat\3.4.5\spring-boot-starter-tomcat-3.4.5.jar;C:\Users\ToanNguyen\.m2\repository\org\apache\tomcat\embed\tomcat-embed-core\10.1.40\tomcat-embed-core-10.1.40.jar;C:\Users\ToanNguyen\.m2\repository\org\apache\tomcat\embed\tomcat-embed-websocket\10.1.40\tomcat-embed-websocket-10.1.40.jar;C:\Users\ToanNguyen\.m2\repository\org\springframework\spring-web\6.2.6\spring-web-6.2.6.jar;C:\Users\ToanNguyen\.m2\repository\org\springframework\spring-beans\6.2.6\spring-beans-6.2.6.jar;C:\Users\ToanNguyen\.m2\repository\org\springframework\spring-webmvc\6.2.6\spring-webmvc-6.2.6.jar;C:\Users\ToanNguyen\.m2\repository\org\springframework\spring-aop\6.2.6\spring-aop-6.2.6.jar;C:\Users\ToanNguyen\.m2\repository\org\springframework\spring-context\6.2.6\spring-context-6.2.6.jar;C:\Users\ToanNguyen\.m2\repository\org\springframework\spring-expression\6.2.6\spring-expression-6.2.6.jar;C:\Users\ToanNguyen\.m2\repository\org\springframework\boot\spring-boot-starter-oauth2-resource-server\3.4.5\spring-boot-starter-oauth2-resource-server-3.4.5.jar;C:\Users\ToanNguyen\.m2\repository\org\springframework\security\spring-security-config\6.4.5\spring-security-config-6.4.5.jar;C:\Users\ToanNguyen\.m2\repository\org\springframework\security\spring-security-core\6.4.5\spring-security-core-6.4.5.jar;C:\Users\ToanNguyen\.m2\repository\org\springframework\security\spring-security-oauth2-resource-server\6.4.5\spring-security-oauth2-resource-server-6.4.5.jar;C:\Users\ToanNguyen\.m2\repository\org\springframework\security\spring-security-oauth2-core\6.4.5\spring-security-oauth2-core-6.4.5.jar;C:\Users\ToanNguyen\.m2\repository\org\springframework\security\spring-security-web\6.4.5\spring-security-web-6.4.5.jar;C:\Users\ToanNguyen\.m2\repository\org\springframework\security\spring-security-oauth2-jose\6.4.5\spring-security-oauth2-jose-6.4.5.jar;C:\Users\ToanNguyen\.m2\repository\com\nimbusds\nimbus-jose-jwt\9.37.3\nimbus-jose-jwt-9.37.3.jar;C:\Users\ToanNguyen\.m2\repository\com\github\stephenc\jcip\jcip-annotations\1.0-1\jcip-annotations-1.0-1.jar;C:\Users\ToanNguyen\.m2\repository\org\springframework\boot\spring-boot-starter-data-jpa\3.4.5\spring-boot-starter-data-jpa-3.4.5.jar;C:\Users\ToanNguyen\.m2\repository\org\springframework\boot\spring-boot-starter-jdbc\3.4.5\spring-boot-starter-jdbc-3.4.5.jar;C:\Users\ToanNguyen\.m2\repository\com\zaxxer\HikariCP\5.1.0\HikariCP-5.1.0.jar;C:\Users\ToanNguyen\.m2\repository\org\springframework\spring-jdbc\6.2.6\spring-jdbc-6.2.6.jar;C:\Users\ToanNguyen\.m2\repository\org\hibernate\orm\hibernate-core\6.6.13.Final\hibernate-core-6.6.13.Final.jar;C:\Users\ToanNguyen\.m2\repository\jakarta\persistence\jakarta.persistence-api\3.1.0\jakarta.persistence-api-3.1.0.jar;C:\Users\ToanNguyen\.m2\repository\jakarta\transaction\jakarta.transaction-api\2.0.1\jakarta.transaction-api-2.0.1.jar;C:\Users\ToanNguyen\.m2\repository\org\jboss\logging\jboss-logging\3.6.1.Final\jboss-logging-3.6.1.Final.jar;C:\Users\ToanNguyen\.m2\repository\org\hibernate\common\hibernate-commons-annotations\7.0.3.Final\hibernate-commons-annotations-7.0.3.Final.jar;C:\Users\ToanNguyen\.m2\repository\io\smallrye\jandex\3.2.0\jandex-3.2.0.jar;C:\Users\ToanNguyen\.m2\repository\com\fasterxml\classmate\1.7.0\classmate-1.7.0.jar;C:\Users\ToanNguyen\.m2\repository\net\bytebuddy\byte-buddy\1.15.11\byte-buddy-1.15.11.jar;C:\Users\ToanNguyen\.m2\repository\org\glassfish\jaxb\jaxb-runtime\4.0.5\jaxb-runtime-4.0.5.jar;C:\Users\ToanNguyen\.m2\repository\org\glassfish\jaxb\jaxb-core\4.0.5\jaxb-core-4.0.5.jar;C:\Users\ToanNguyen\.m2\repository\org\eclipse\angus\angus-activation\2.0.2\angus-activation-2.0.2.jar;C:\Users\ToanNguyen\.m2\repository\org\glassfish\jaxb\txw2\4.0.5\txw2-4.0.5.jar;C:\Users\ToanNguyen\.m2\repository\com\sun\istack\istack-commons-runtime\4.1.2\istack-commons-runtime-4.1.2.jar;C:\Users\ToanNguyen\.m2\repository\jakarta\inject\jakarta.inject-api\2.0.1\jakarta.inject-api-2.0.1.jar;C:\Users\ToanNguyen\.m2\repository\org\antlr\antlr4-runtime\4.13.0\antlr4-runtime-4.13.0.jar;C:\Users\ToanNguyen\.m2\repository\org\springframework\data\spring-data-jpa\3.4.5\spring-data-jpa-3.4.5.jar;C:\Users\ToanNguyen\.m2\repository\org\springframework\data\spring-data-commons\3.4.5\spring-data-commons-3.4.5.jar;C:\Users\ToanNguyen\.m2\repository\org\springframework\spring-orm\6.2.6\spring-orm-6.2.6.jar;C:\Users\ToanNguyen\.m2\repository\org\springframework\spring-tx\6.2.6\spring-tx-6.2.6.jar;C:\Users\ToanNguyen\.m2\repository\org\slf4j\slf4j-api\2.0.17\slf4j-api-2.0.17.jar;C:\Users\ToanNguyen\.m2\repository\org\springframework\spring-aspects\6.2.6\spring-aspects-6.2.6.jar;C:\Users\ToanNguyen\.m2\repository\org\aspectj\aspectjweaver\1.9.24\aspectjweaver-1.9.24.jar;C:\Users\ToanNguyen\.m2\repository\org\postgresql\postgresql\42.7.5\postgresql-42.7.5.jar;C:\Users\ToanNguyen\.m2\repository\org\checkerframework\checker-qual\3.48.3\checker-qual-3.48.3.jar;C:\Users\ToanNguyen\.m2\repository\org\springframework\boot\spring-boot-starter-validation\3.4.5\spring-boot-starter-validation-3.4.5.jar;C:\Users\ToanNguyen\.m2\repository\org\apache\tomcat\embed\tomcat-embed-el\10.1.40\tomcat-embed-el-10.1.40.jar;C:\Users\ToanNguyen\.m2\repository\org\hibernate\validator\hibernate-validator\8.0.2.Final\hibernate-validator-8.0.2.Final.jar;C:\Users\ToanNguyen\.m2\repository\jakarta\validation\jakarta.validation-api\3.0.2\jakarta.validation-api-3.0.2.jar;C:\Users\ToanNguyen\.m2\repository\org\springframework\boot\spring-boot-starter-actuator\3.4.5\spring-boot-starter-actuator-3.4.5.jar;C:\Users\ToanNguyen\.m2\repository\org\springframework\boot\spring-boot-actuator-autoconfigure\3.4.5\spring-boot-actuator-autoconfigure-3.4.5.jar;C:\Users\ToanNguyen\.m2\repository\org\springframework\boot\spring-boot-actuator\3.4.5\spring-boot-actuator-3.4.5.jar;C:\Users\ToanNguyen\.m2\repository\io\micrometer\micrometer-observation\1.14.6\micrometer-observation-1.14.6.jar;C:\Users\ToanNguyen\.m2\repository\io\micrometer\micrometer-commons\1.14.6\micrometer-commons-1.14.6.jar;C:\Users\ToanNguyen\.m2\repository\io\micrometer\micrometer-jakarta9\1.14.6\micrometer-jakarta9-1.14.6.jar;C:\Users\ToanNguyen\.m2\repository\io\micrometer\micrometer-core\1.14.6\micrometer-core-1.14.6.jar;C:\Users\ToanNguyen\.m2\repository\org\hdrhistogram\HdrHistogram\2.2.2\HdrHistogram-2.2.2.jar;C:\Users\ToanNguyen\.m2\repository\org\latencyutils\LatencyUtils\2.0.3\LatencyUtils-2.0.3.jar;C:\Users\ToanNguyen\.m2\repository\org\springframework\boot\spring-boot-devtools\3.4.5\spring-boot-devtools-3.4.5.jar;C:\Users\ToanNguyen\.m2\repository\org\springframework\boot\spring-boot\3.4.5\spring-boot-3.4.5.jar;C:\Users\ToanNguyen\.m2\repository\org\springframework\boot\spring-boot-autoconfigure\3.4.5\spring-boot-autoconfigure-3.4.5.jar;C:\Users\ToanNguyen\.m2\repository\org\projectlombok\lombok\1.18.38\lombok-1.18.38.jar;C:\Users\ToanNguyen\.m2\repository\jakarta\xml\bind\jakarta.xml.bind-api\4.0.2\jakarta.xml.bind-api-4.0.2.jar;C:\Users\ToanNguyen\.m2\repository\jakarta\activation\jakarta.activation-api\2.1.3\jakarta.activation-api-2.1.3.jar;C:\Users\ToanNguyen\.m2\repository\org\springframework\spring-core\6.2.6\spring-core-6.2.6.jar;C:\Users\ToanNguyen\.m2\repository\org\springframework\spring-jcl\6.2.6\spring-jcl-6.2.6.jar;C:\Users\ToanNguyen\.m2\repository\org\mapstruct\mapstruct\1.6.3\mapstruct-1.6.3.jar;C:\Users\ToanNguyen\.m2\repository\org\springframework\security\spring-security-crypto\6.4.5\spring-security-crypto-6.4.5.jar;C:\Users\ToanNguyen\.m2\repository\com\diffplug\spotless\spotless-maven-plugin\2.43.0\spotless-maven-plugin-2.43.0.jar;C:\Users\ToanNguyen\.m2\repository\com\diffplug\spotless\spotless-lib\2.45.0\spotless-lib-2.45.0.jar;C:\Users\ToanNguyen\.m2\repository\com\diffplug\spotless\spotless-lib-extra\2.45.0\spotless-lib-extra-2.45.0.jar;C:\Users\ToanNguyen\.m2\repository\com\googlecode\concurrent-trees\concurrent-trees\2.6.1\concurrent-trees-2.6.1.jar;C:\Users\ToanNguyen\.m2\repository\dev\equo\ide\solstice\1.7.5\solstice-1.7.5.jar;C:\Users\ToanNguyen\.m2\repository\com\diffplug\durian\durian-swt.os\4.2.2\durian-swt.os-4.2.2.jar;C:\Users\ToanNguyen\.m2\repository\org\eclipse\platform\org.eclipse.osgi\3.18.300\org.eclipse.osgi-3.18.300.jar;C:\Users\ToanNguyen\.m2\repository\org\tukaani\xz\1.9\xz-1.9.jar;C:\Users\ToanNguyen\.m2\repository\com\squareup\okhttp3\okhttp\4.12.0\okhttp-4.12.0.jar;C:\Users\ToanNguyen\.m2\repository\com\squareup\okio\okio\3.6.0\okio-3.6.0.jar;C:\Users\ToanNguyen\.m2\repository\com\squareup\okio\okio-jvm\3.6.0\okio-jvm-3.6.0.jar;C:\Users\ToanNguyen\.m2\repository\org\jetbrains\kotlin\kotlin-stdlib-common\1.9.25\kotlin-stdlib-common-1.9.25.jar;C:\Users\ToanNguyen\.m2\repository\org\jetbrains\kotlin\kotlin-stdlib-jdk8\1.9.25\kotlin-stdlib-jdk8-1.9.25.jar;C:\Users\ToanNguyen\.m2\repository\org\jetbrains\kotlin\kotlin-stdlib\1.9.25\kotlin-stdlib-1.9.25.jar;C:\Users\ToanNguyen\.m2\repository\org\jetbrains\annotations\13.0\annotations-13.0.jar;C:\Users\ToanNguyen\.m2\repository\org\jetbrains\kotlin\kotlin-stdlib-jdk7\1.9.25\kotlin-stdlib-jdk7-1.9.25.jar;C:\Users\ToanNguyen\.m2\repository\com\diffplug\durian\durian-core\1.2.0\durian-core-1.2.0.jar;C:\Users\ToanNguyen\.m2\repository\com\diffplug\durian\durian-io\1.2.0\durian-io-1.2.0.jar;C:\Users\ToanNguyen\.m2\repository\com\diffplug\durian\durian-collect\1.2.0\durian-collect-1.2.0.jar;C:\Users\ToanNguyen\.m2\repository\org\codehaus\plexus\plexus-resources\1.2.0\plexus-resources-1.2.0.jar;C:\Users\ToanNguyen\.m2\repository\org\codehaus\plexus\plexus-utils\3.4.1\plexus-utils-3.4.1.jar;C:\Users\ToanNguyen\.m2\repository\javax\inject\javax.inject\1\javax.inject-1.jar;C:\Users\ToanNguyen\.m2\repository\org\eclipse\jgit\org.eclipse.jgit\6.7.0.202309050840-r\org.eclipse.jgit-6.7.0.202309050840-r.jar;C:\Users\ToanNguyen\.m2\repository\com\googlecode\javaewah\JavaEWAH\1.2.3\JavaEWAH-1.2.3.jar;C:\Users\ToanNguyen\.m2\repository\commons-codec\commons-codec\1.17.2\commons-codec-1.17.2.jar;C:\Users\ToanNguyen\.m2\repository\org\sonatype\plexus\plexus-build-api\0.0.7\plexus-build-api-0.0.7.jar
Launcher Type: SUN_STANDARD

[Global flags]
     intx CICompilerCount                          = 4                                         {product} {ergonomic}
     uint ConcGCThreads                            = 2                                         {product} {ergonomic}
     bool EnableJVMCIProduct                       = true                                {JVMCI product} {jimage}
     uint G1ConcRefinementThreads                  = 8                                         {product} {ergonomic}
   size_t G1HeapRegionSize                         = 1048576                                   {product} {ergonomic}
    uintx GCDrainStackTargetSize                   = 64                                        {product} {ergonomic}
   size_t InitialHeapSize                          = 127926272                                 {product} {ergonomic}
   size_t MarkStackSize                            = 4194304                                   {product} {ergonomic}
   size_t MaxHeapSize                              = 2040528896                                {product} {ergonomic}
   size_t MaxNewSize                               = 1223688192                                {product} {ergonomic}
   size_t MinHeapDeltaBytes                        = 1048576                                   {product} {ergonomic}
   size_t MinHeapSize                              = 8388608                                   {product} {ergonomic}
    uintx NonNMethodCodeHeapSize                   = 6979620                                {pd product} {ergonomic}
    uintx NonProfiledCodeHeapSize                  = 122339310                              {pd product} {ergonomic}
    uintx ProfiledCodeHeapSize                     = 122339310                              {pd product} {ergonomic}
    uintx ReservedCodeCacheSize                    = 251658240                              {pd product} {ergonomic}
     bool SegmentedCodeCache                       = true                                      {product} {ergonomic}
   size_t SoftMaxHeapSize                          = 2040528896                             {manageable} {ergonomic}
      int ThreadPriorityPolicy                     = 1                                         {product} {jimage}
     bool UseCompressedOops                        = true                           {product lp64_product} {ergonomic}
     bool UseG1GC                                  = true                                      {product} {ergonomic}
     bool UseLargePagesIndividualAllocation        = false                                  {pd product} {ergonomic}

Logging:
Log output configuration:
 #0: stdout all=warning uptime,level,tags foldmultilines=false
 #1: stderr all=off uptime,level,tags foldmultilines=false

Environment Variables:
JAVA_HOME=C:\Program Files\Java\GraalVM\graalvm-jdk-21.0.7
PATH=C:\Program Files\Common Files\Oracle\Java\javapath;C:\Windows\system32;C:\Windows;C:\Windows\System32\Wbem;C:\Windows\System32\WindowsPowerShell\v1.0\;C:\Windows\System32\OpenSSH\;C:\Program Files\Docker\Docker\resources\bin;C:\Program Files\Git\cmd;C:\Program Files\Microsoft VS Code\bin;C:\Program Files\Apache\Maven\apache-maven-3.9.9\bin;C:\Program Files\nodejs\;C:\ProgramData\chocolatey\bin;C:\Users\ToanNguyen\AppData\Local\Programs\oh-my-posh\bin\;C:\Users\ToanNguyen\AppData\Local\Microsoft\WindowsApps;C:\Users\ToanNguyen\AppData\Roaming\npm;C:\Program Files\JetBrains\IntelliJ IDEA Community Edition 2025.1\bin;;C:\Program Files\OpenSSL-Win64\bin;C:\Program Files\Java\GraalVM\graalvm-jdk-21.0.7\bin;
USERNAME=ToanNguyen
OS=Windows_NT
PROCESSOR_IDENTIFIER=Intel64 Family 6 Model 126 Stepping 5, GenuineIntel
TMP=C:\Users\TOANNG~1\AppData\Local\Temp
TEMP=C:\Users\TOANNG~1\AppData\Local\Temp




Periodic native trim disabled

---------------  S Y S T E M  ---------------

OS:
 Windows 10 , 64 bit Build 19041 (10.0.19041.5794)
OS uptime: 0 days 2:01 hours
Hyper-V role detected

CPU: total 8 (initial active 8) (4 cores per cpu, 2 threads per core) family 6 model 126 stepping 5 microcode 0xc6, cx8, cmov, fxsr, ht, mmx, 3dnowpref, sse, sse2, sse3, ssse3, sse4.1, sse4.2, popcnt, lzcnt, tsc, tscinvbit, avx, avx2, aes, erms, clmul, bmi1, bmi2, adx, avx512f, avx512dq, avx512cd, avx512bw, avx512vl, sha, fma, vzeroupper, avx512_vpopcntdq, avx512_vpclmulqdq, avx512_vaes, avx512_vnni, clflush, clflushopt, avx512_vbmi2, avx512_vbmi, hv, rdtscp, rdpid, fsrm, gfni, avx512_bitalg, f16c, avx512_ifma
Processor Information for all 8 processors :
  Max Mhz: 1498, Current Mhz: 1098, Mhz Limit: 1093

Memory: 4k page, system-wide physical 7778M (270M free)
TotalPageFile size 20066M (AvailPageFile size 0M)
current process WorkingSet (physical memory assigned to process): 82M, peak: 82M
current process commit charge ("private bytes"): 228M, peak: 228M

vm_info: Java HotSpot(TM) 64-Bit Server VM (21.0.7+8-LTS-jvmci-23.1-b60) for windows-amd64 JRE (21.0.7+8-LTS-jvmci-23.1-b60), built on 2025-02-26T11:58:54Z by "OCIWIN11Buildbot" with MS VC++ 17.6 (VS2022)

END.
